{"/home/thanhlam/Desktop/packages/packages/react/src/atoms/Text/Text.tsx": {"path":"/home/thanhlam/Desktop/packages/packages/react/src/atoms/Text/Text.tsx","statementMap":{"0":{"start":{"line":8,"column":34},"end":{"line":12,"column":1}},"1":{"start":{"line":9,"column":20},"end":{"line":9,"column":47}},"2":{"start":{"line":11,"column":2},"end":{"line":11,"column":49}}},"fnMap":{"0":{"name":"(anonymous_0)","decl":{"start":{"line":8,"column":34},"end":{"line":8,"column":35}},"loc":{"start":{"line":8,"column":72},"end":{"line":12,"column":1}},"line":8}},"branchMap":{"0":{"loc":{"start":{"line":8,"column":37},"end":{"line":8,"column":55}},"type":"default-arg","locations":[{"start":{"line":8,"column":44},"end":{"line":8,"column":55}}],"line":8}},"s":{"0":1,"1":40,"2":40},"f":{"0":40},"b":{"0":[40]},"_coverageSchema":"1a1c01bbd47fc00a2c39e90264f33305004495a9","hash":"f1e2486a625d1c3000cc8717cfc72b07fd263b11"}
,"/home/thanhlam/Desktop/packages/packages/react/src/atoms/Text/index.ts": {"path":"/home/thanhlam/Desktop/packages/packages/react/src/atoms/Text/index.ts","statementMap":{},"fnMap":{},"branchMap":{},"s":{},"f":{},"b":{},"_coverageSchema":"1a1c01bbd47fc00a2c39e90264f33305004495a9","hash":"875e415de1eedd2b1ec2b8ee17faf003ea4d72bc"}
,"/home/thanhlam/Desktop/packages/packages/react/src/molecules/Select/Select.tsx": {"path":"/home/thanhlam/Desktop/packages/packages/react/src/molecules/Select/Select.tsx","statementMap":{"0":{"start":{"line":11,"column":13},"end":{"line":11,"column":40}},"1":{"start":{"line":30,"column":27},"end":{"line":43,"column":1}},"2":{"start":{"line":34,"column":2},"end":{"line":36,"column":3}},"3":{"start":{"line":35,"column":4},"end":{"line":35,"column":13}},"4":{"start":{"line":38,"column":2},"end":{"line":40,"column":3}},"5":{"start":{"line":39,"column":4},"end":{"line":39,"column":13}},"6":{"start":{"line":42,"column":2},"end":{"line":42,"column":26}},"7":{"start":{"line":45,"column":31},"end":{"line":58,"column":1}},"8":{"start":{"line":49,"column":2},"end":{"line":51,"column":3}},"9":{"start":{"line":50,"column":4},"end":{"line":50,"column":13}},"10":{"start":{"line":53,"column":2},"end":{"line":55,"column":3}},"11":{"start":{"line":54,"column":4},"end":{"line":54,"column":30}},"12":{"start":{"line":57,"column":2},"end":{"line":57,"column":26}},"13":{"start":{"line":60,"column":38},"end":{"line":237,"column":1}},"14":{"start":{"line":66,"column":30},"end":{"line":66,"column":45}},"15":{"start":{"line":67,"column":44},"end":{"line":67,"column":73}},"16":{"start":{"line":68,"column":50},"end":{"line":68,"column":79}},"17":{"start":{"line":69,"column":38},"end":{"line":71,"column":7}},"18":{"start":{"line":72,"column":19},"end":{"line":72,"column":50}},"19":{"start":{"line":73,"column":38},"end":{"line":73,"column":57}},"20":{"start":{"line":75,"column":27},"end":{"line":79,"column":3}},"21":{"start":{"line":76,"column":4},"end":{"line":76,"column":35}},"22":{"start":{"line":77,"column":4},"end":{"line":77,"column":34}},"23":{"start":{"line":78,"column":4},"end":{"line":78,"column":21}},"24":{"start":{"line":81,"column":23},"end":{"line":83,"column":3}},"25":{"start":{"line":82,"column":4},"end":{"line":82,"column":31}},"26":{"start":{"line":82,"column":24},"end":{"line":82,"column":29}},"27":{"start":{"line":85,"column":2},"end":{"line":87,"column":39}},"28":{"start":{"line":86,"column":4},"end":{"line":86,"column":62}},"29":{"start":{"line":89,"column":23},"end":{"line":89,"column":27}},"30":{"start":{"line":91,"column":2},"end":{"line":93,"column":3}},"31":{"start":{"line":92,"column":4},"end":{"line":92,"column":44}},"32":{"start":{"line":95,"column":26},"end":{"line":97,"column":3}},"33":{"start":{"line":96,"column":4},"end":{"line":96,"column":37}},"34":{"start":{"line":99,"column":48},"end":{"line":107,"column":3}},"35":{"start":{"line":100,"column":4},"end":{"line":100,"column":27}},"36":{"start":{"line":101,"column":4},"end":{"line":106,"column":5}},"37":{"start":{"line":102,"column":6},"end":{"line":102,"column":22}},"38":{"start":{"line":105,"column":6},"end":{"line":105,"column":25}},"39":{"start":{"line":109,"column":2},"end":{"line":111,"column":23}},"40":{"start":{"line":110,"column":4},"end":{"line":110,"column":66}},"41":{"start":{"line":110,"column":37},"end":{"line":110,"column":63}},"42":{"start":{"line":113,"column":2},"end":{"line":121,"column":33}},"43":{"start":{"line":114,"column":4},"end":{"line":120,"column":5}},"44":{"start":{"line":115,"column":18},"end":{"line":115,"column":46}},"45":{"start":{"line":117,"column":6},"end":{"line":119,"column":7}},"46":{"start":{"line":118,"column":8},"end":{"line":118,"column":28}},"47":{"start":{"line":123,"column":48},"end":{"line":140,"column":3}},"48":{"start":{"line":124,"column":4},"end":{"line":127,"column":5}},"49":{"start":{"line":125,"column":6},"end":{"line":125,"column":23}},"50":{"start":{"line":126,"column":6},"end":{"line":126,"column":13}},"51":{"start":{"line":129,"column":4},"end":{"line":131,"column":5}},"52":{"start":{"line":130,"column":6},"end":{"line":130,"column":69}},"53":{"start":{"line":133,"column":4},"end":{"line":135,"column":5}},"54":{"start":{"line":134,"column":6},"end":{"line":134,"column":73}},"55":{"start":{"line":137,"column":4},"end":{"line":139,"column":5}},"56":{"start":{"line":138,"column":6},"end":{"line":138,"column":70}},"57":{"start":{"line":142,"column":2},"end":{"line":236,"column":4}},"58":{"start":{"line":179,"column":31},"end":{"line":179,"column":60}},"59":{"start":{"line":180,"column":34},"end":{"line":180,"column":66}},"60":{"start":{"line":182,"column":24},"end":{"line":182,"column":47}},"61":{"start":{"line":184,"column":38},"end":{"line":206,"column":13}},"62":{"start":{"line":189,"column":16},"end":{"line":204,"column":18}},"63":{"start":{"line":199,"column":38},"end":{"line":199,"column":66}},"64":{"start":{"line":200,"column":38},"end":{"line":200,"column":59}},"65":{"start":{"line":202,"column":33},"end":{"line":202,"column":70}},"66":{"start":{"line":208,"column":12},"end":{"line":210,"column":13}},"67":{"start":{"line":209,"column":14},"end":{"line":209,"column":53}},"68":{"start":{"line":211,"column":12},"end":{"line":231,"column":14}}},"fnMap":{"0":{"name":"(anonymous_0)","decl":{"start":{"line":30,"column":27},"end":{"line":30,"column":28}},"loc":{"start":{"line":33,"column":5},"end":{"line":43,"column":1}},"line":33},"1":{"name":"(anonymous_1)","decl":{"start":{"line":45,"column":31},"end":{"line":45,"column":32}},"loc":{"start":{"line":48,"column":5},"end":{"line":58,"column":1}},"line":48},"2":{"name":"(anonymous_2)","decl":{"start":{"line":60,"column":38},"end":{"line":60,"column":39}},"loc":{"start":{"line":65,"column":6},"end":{"line":237,"column":1}},"line":65},"3":{"name":"(anonymous_3)","decl":{"start":{"line":75,"column":27},"end":{"line":75,"column":28}},"loc":{"start":{"line":75,"column":74},"end":{"line":79,"column":3}},"line":75},"4":{"name":"(anonymous_4)","decl":{"start":{"line":81,"column":23},"end":{"line":81,"column":24}},"loc":{"start":{"line":81,"column":29},"end":{"line":83,"column":3}},"line":81},"5":{"name":"(anonymous_5)","decl":{"start":{"line":82,"column":14},"end":{"line":82,"column":15}},"loc":{"start":{"line":82,"column":24},"end":{"line":82,"column":29}},"line":82},"6":{"name":"(anonymous_6)","decl":{"start":{"line":85,"column":12},"end":{"line":85,"column":13}},"loc":{"start":{"line":85,"column":18},"end":{"line":87,"column":3}},"line":85},"7":{"name":"(anonymous_7)","decl":{"start":{"line":95,"column":26},"end":{"line":95,"column":27}},"loc":{"start":{"line":95,"column":58},"end":{"line":97,"column":3}},"line":95},"8":{"name":"(anonymous_8)","decl":{"start":{"line":99,"column":48},"end":{"line":99,"column":49}},"loc":{"start":{"line":99,"column":59},"end":{"line":107,"column":3}},"line":99},"9":{"name":"(anonymous_9)","decl":{"start":{"line":109,"column":12},"end":{"line":109,"column":13}},"loc":{"start":{"line":109,"column":18},"end":{"line":111,"column":3}},"line":109},"10":{"name":"(anonymous_10)","decl":{"start":{"line":110,"column":30},"end":{"line":110,"column":31}},"loc":{"start":{"line":110,"column":37},"end":{"line":110,"column":63}},"line":110},"11":{"name":"(anonymous_11)","decl":{"start":{"line":113,"column":12},"end":{"line":113,"column":13}},"loc":{"start":{"line":113,"column":18},"end":{"line":121,"column":3}},"line":113},"12":{"name":"(anonymous_12)","decl":{"start":{"line":123,"column":48},"end":{"line":123,"column":49}},"loc":{"start":{"line":123,"column":59},"end":{"line":140,"column":3}},"line":123},"13":{"name":"(anonymous_13)","decl":{"start":{"line":178,"column":23},"end":{"line":178,"column":24}},"loc":{"start":{"line":178,"column":48},"end":{"line":232,"column":11}},"line":178},"14":{"name":"(anonymous_14)","decl":{"start":{"line":188,"column":41},"end":{"line":188,"column":42}},"loc":{"start":{"line":188,"column":65},"end":{"line":205,"column":15}},"line":188},"15":{"name":"(anonymous_15)","decl":{"start":{"line":199,"column":32},"end":{"line":199,"column":33}},"loc":{"start":{"line":199,"column":38},"end":{"line":199,"column":66}},"line":199},"16":{"name":"(anonymous_16)","decl":{"start":{"line":200,"column":32},"end":{"line":200,"column":33}},"loc":{"start":{"line":200,"column":38},"end":{"line":200,"column":59}},"line":200},"17":{"name":"(anonymous_17)","decl":{"start":{"line":202,"column":27},"end":{"line":202,"column":28}},"loc":{"start":{"line":202,"column":33},"end":{"line":202,"column":70}},"line":202}},"branchMap":{"0":{"loc":{"start":{"line":34,"column":2},"end":{"line":36,"column":3}},"type":"if","locations":[{"start":{"line":34,"column":2},"end":{"line":36,"column":3}},{"start":{"line":34,"column":2},"end":{"line":36,"column":3}}],"line":34},"1":{"loc":{"start":{"line":38,"column":2},"end":{"line":40,"column":3}},"type":"if","locations":[{"start":{"line":38,"column":2},"end":{"line":40,"column":3}},{"start":{"line":38,"column":2},"end":{"line":40,"column":3}}],"line":38},"2":{"loc":{"start":{"line":49,"column":2},"end":{"line":51,"column":3}},"type":"if","locations":[{"start":{"line":49,"column":2},"end":{"line":51,"column":3}},{"start":{"line":49,"column":2},"end":{"line":51,"column":3}}],"line":49},"3":{"loc":{"start":{"line":53,"column":2},"end":{"line":55,"column":3}},"type":"if","locations":[{"start":{"line":53,"column":2},"end":{"line":55,"column":3}},{"start":{"line":53,"column":2},"end":{"line":55,"column":3}}],"line":53},"4":{"loc":{"start":{"line":61,"column":2},"end":{"line":61,"column":14}},"type":"default-arg","locations":[{"start":{"line":61,"column":12},"end":{"line":61,"column":14}}],"line":61},"5":{"loc":{"start":{"line":62,"column":2},"end":{"line":62,"column":39}},"type":"default-arg","locations":[{"start":{"line":62,"column":10},"end":{"line":62,"column":39}}],"line":62},"6":{"loc":{"start":{"line":86,"column":19},"end":{"line":86,"column":54}},"type":"binary-expr","locations":[{"start":{"line":86,"column":19},"end":{"line":86,"column":49}},{"start":{"line":86,"column":53},"end":{"line":86,"column":54}}],"line":86},"7":{"loc":{"start":{"line":91,"column":2},"end":{"line":93,"column":3}},"type":"if","locations":[{"start":{"line":91,"column":2},"end":{"line":93,"column":3}},{"start":{"line":91,"column":2},"end":{"line":93,"column":3}}],"line":91},"8":{"loc":{"start":{"line":101,"column":4},"end":{"line":106,"column":5}},"type":"if","locations":[{"start":{"line":101,"column":4},"end":{"line":106,"column":5}},{"start":{"line":101,"column":4},"end":{"line":106,"column":5}}],"line":101},"9":{"loc":{"start":{"line":114,"column":4},"end":{"line":120,"column":5}},"type":"if","locations":[{"start":{"line":114,"column":4},"end":{"line":120,"column":5}},{"start":{"line":114,"column":4},"end":{"line":120,"column":5}}],"line":114},"10":{"loc":{"start":{"line":114,"column":8},"end":{"line":114,"column":43}},"type":"binary-expr","locations":[{"start":{"line":114,"column":8},"end":{"line":114,"column":33}},{"start":{"line":114,"column":37},"end":{"line":114,"column":43}}],"line":114},"11":{"loc":{"start":{"line":117,"column":6},"end":{"line":119,"column":7}},"type":"if","locations":[{"start":{"line":117,"column":6},"end":{"line":119,"column":7}},{"start":{"line":117,"column":6},"end":{"line":119,"column":7}}],"line":117},"12":{"loc":{"start":{"line":117,"column":10},"end":{"line":117,"column":28}},"type":"binary-expr","locations":[{"start":{"line":117,"column":10},"end":{"line":117,"column":13}},{"start":{"line":117,"column":17},"end":{"line":117,"column":28}}],"line":117},"13":{"loc":{"start":{"line":124,"column":4},"end":{"line":127,"column":5}},"type":"if","locations":[{"start":{"line":124,"column":4},"end":{"line":127,"column":5}},{"start":{"line":124,"column":4},"end":{"line":127,"column":5}}],"line":124},"14":{"loc":{"start":{"line":129,"column":4},"end":{"line":131,"column":5}},"type":"if","locations":[{"start":{"line":129,"column":4},"end":{"line":131,"column":5}},{"start":{"line":129,"column":4},"end":{"line":131,"column":5}}],"line":129},"15":{"loc":{"start":{"line":133,"column":4},"end":{"line":135,"column":5}},"type":"if","locations":[{"start":{"line":133,"column":4},"end":{"line":135,"column":5}},{"start":{"line":133,"column":4},"end":{"line":135,"column":5}}],"line":133},"16":{"loc":{"start":{"line":137,"column":4},"end":{"line":139,"column":5}},"type":"if","locations":[{"start":{"line":137,"column":4},"end":{"line":139,"column":5}},{"start":{"line":137,"column":4},"end":{"line":139,"column":5}}],"line":137},"17":{"loc":{"start":{"line":146,"column":23},"end":{"line":146,"column":48}},"type":"cond-expr","locations":[{"start":{"line":146,"column":32},"end":{"line":146,"column":36}},{"start":{"line":146,"column":39},"end":{"line":146,"column":48}}],"line":146},"18":{"loc":{"start":{"line":153,"column":15},"end":{"line":153,"column":69}},"type":"cond-expr","locations":[{"start":{"line":153,"column":41},"end":{"line":153,"column":46}},{"start":{"line":153,"column":49},"end":{"line":153,"column":69}}],"line":153},"19":{"loc":{"start":{"line":156,"column":12},"end":{"line":156,"column":76}},"type":"cond-expr","locations":[{"start":{"line":156,"column":21},"end":{"line":156,"column":46}},{"start":{"line":156,"column":49},"end":{"line":156,"column":76}}],"line":156},"20":{"loc":{"start":{"line":173,"column":7},"end":{"line":234,"column":7}},"type":"binary-expr","locations":[{"start":{"line":173,"column":7},"end":{"line":173,"column":13}},{"start":{"line":174,"column":8},"end":{"line":233,"column":13}}],"line":173},"21":{"loc":{"start":{"line":188,"column":42},"end":{"line":188,"column":60}},"type":"default-arg","locations":[{"start":{"line":188,"column":58},"end":{"line":188,"column":60}}],"line":188},"22":{"loc":{"start":{"line":193,"column":34},"end":{"line":193,"column":63}},"type":"cond-expr","locations":[{"start":{"line":193,"column":47},"end":{"line":193,"column":51}},{"start":{"line":193,"column":54},"end":{"line":193,"column":63}}],"line":193},"23":{"loc":{"start":{"line":195,"column":20},"end":{"line":195,"column":66}},"type":"cond-expr","locations":[{"start":{"line":195,"column":33},"end":{"line":195,"column":61}},{"start":{"line":195,"column":64},"end":{"line":195,"column":66}}],"line":195},"24":{"loc":{"start":{"line":196,"column":22},"end":{"line":196,"column":76}},"type":"cond-expr","locations":[{"start":{"line":196,"column":38},"end":{"line":196,"column":71}},{"start":{"line":196,"column":74},"end":{"line":196,"column":76}}],"line":196},"25":{"loc":{"start":{"line":198,"column":28},"end":{"line":198,"column":50}},"type":"cond-expr","locations":[{"start":{"line":198,"column":44},"end":{"line":198,"column":46}},{"start":{"line":198,"column":49},"end":{"line":198,"column":50}}],"line":198},"26":{"loc":{"start":{"line":208,"column":12},"end":{"line":210,"column":13}},"type":"if","locations":[{"start":{"line":208,"column":12},"end":{"line":210,"column":13}},{"start":{"line":208,"column":12},"end":{"line":210,"column":13}}],"line":208},"27":{"loc":{"start":{"line":214,"column":17},"end":{"line":229,"column":17}},"type":"binary-expr","locations":[{"start":{"line":214,"column":17},"end":{"line":214,"column":27}},{"start":{"line":215,"column":18},"end":{"line":228,"column":24}}],"line":214}},"s":{"0":1,"1":1,"2":0,"3":0,"4":0,"5":0,"6":0,"7":1,"8":0,"9":0,"10":0,"11":0,"12":0,"13":1,"14":33,"15":33,"16":33,"17":33,"18":33,"19":33,"20":33,"21":3,"22":3,"23":3,"24":33,"25":6,"26":6,"27":33,"28":16,"29":33,"30":33,"31":3,"32":33,"33":0,"34":33,"35":0,"36":0,"37":0,"38":0,"39":33,"40":8,"41":24,"42":33,"43":17,"44":0,"45":0,"46":0,"47":33,"48":0,"49":0,"50":0,"51":0,"52":0,"53":0,"54":0,"55":0,"56":0,"57":33,"58":18,"59":18,"60":18,"61":18,"62":18,"63":0,"64":0,"65":3,"66":18,"67":3,"68":15},"f":{"0":0,"1":0,"2":33,"3":3,"4":6,"5":6,"6":16,"7":0,"8":0,"9":8,"10":24,"11":17,"12":0,"13":18,"14":18,"15":0,"16":0,"17":3},"b":{"0":[0,0],"1":[0,0],"2":[0,0],"3":[0,0],"4":[0],"5":[30],"6":[16,16],"7":[3,30],"8":[0,0],"9":[0,17],"10":[17,0],"11":[0,0],"12":[0,0],"13":[0,0],"14":[0,0],"15":[0,0],"16":[0,0],"17":[6,27],"18":[30,3],"19":[6,27],"20":[33,6],"21":[18],"22":[0,18],"23":[0,18],"24":[0,18],"25":[0,18],"26":[3,15],"27":[15,0]},"_coverageSchema":"1a1c01bbd47fc00a2c39e90264f33305004495a9","hash":"7a8eccbfdf3277bd45fa2f6c652906328bc890da"}
}
