TN:
SF:src/atoms/Text/Text.tsx
FN:8,(anonymous_0)
FNF:1
FNH:1
FNDA:40,(anonymous_0)
DA:8,1
DA:9,40
DA:11,40
LF:3
LH:3
BRDA:8,0,0,40
BRF:1
BRH:1
end_of_record
TN:
SF:src/atoms/Text/index.ts
FNF:0
FNH:0
LF:0
LH:0
BRF:0
BRH:0
end_of_record
TN:
SF:src/molecules/Select/Select.tsx
FN:30,(anonymous_0)
FN:45,(anonymous_1)
FN:60,(anonymous_2)
FN:75,(anonymous_3)
FN:81,(anonymous_4)
FN:82,(anonymous_5)
FN:85,(anonymous_6)
FN:95,(anonymous_7)
FN:99,(anonymous_8)
FN:109,(anonymous_9)
FN:110,(anonymous_10)
FN:113,(anonymous_11)
FN:123,(anonymous_12)
FN:178,(anonymous_13)
FN:188,(anonymous_14)
FN:199,(anonymous_15)
FN:200,(anonymous_16)
FN:202,(anonymous_17)
FNF:18
FNH:11
FNDA:0,(anonymous_0)
FNDA:0,(anonymous_1)
FNDA:33,(anonymous_2)
FNDA:3,(anonymous_3)
FNDA:6,(anonymous_4)
FNDA:6,(anonymous_5)
FNDA:16,(anonymous_6)
FNDA:0,(anonymous_7)
FNDA:0,(anonymous_8)
FNDA:8,(anonymous_9)
FNDA:24,(anonymous_10)
FNDA:17,(anonymous_11)
FNDA:0,(anonymous_12)
FNDA:18,(anonymous_13)
FNDA:18,(anonymous_14)
FNDA:0,(anonymous_15)
FNDA:0,(anonymous_16)
FNDA:3,(anonymous_17)
DA:11,1
DA:30,1
DA:34,0
DA:35,0
DA:38,0
DA:39,0
DA:42,0
DA:45,1
DA:49,0
DA:50,0
DA:53,0
DA:54,0
DA:57,0
DA:60,1
DA:66,33
DA:67,33
DA:68,33
DA:69,33
DA:72,33
DA:73,33
DA:75,33
DA:76,3
DA:77,3
DA:78,3
DA:81,33
DA:82,6
DA:85,33
DA:86,16
DA:89,33
DA:91,33
DA:92,3
DA:95,33
DA:96,0
DA:99,33
DA:100,0
DA:101,0
DA:102,0
DA:105,0
DA:109,33
DA:110,24
DA:113,33
DA:114,17
DA:115,0
DA:117,0
DA:118,0
DA:123,33
DA:124,0
DA:125,0
DA:126,0
DA:129,0
DA:130,0
DA:133,0
DA:134,0
DA:137,0
DA:138,0
DA:142,33
DA:179,18
DA:180,18
DA:182,18
DA:184,18
DA:189,18
DA:199,0
DA:200,0
DA:202,3
DA:208,18
DA:209,3
DA:211,15
LF:67
LH:38
BRDA:34,0,0,0
BRDA:34,0,1,0
BRDA:38,1,0,0
BRDA:38,1,1,0
BRDA:49,2,0,0
BRDA:49,2,1,0
BRDA:53,3,0,0
BRDA:53,3,1,0
BRDA:61,4,0,0
BRDA:62,5,0,30
BRDA:86,6,0,16
BRDA:86,6,1,16
BRDA:91,7,0,3
BRDA:91,7,1,30
BRDA:101,8,0,0
BRDA:101,8,1,0
BRDA:114,9,0,0
BRDA:114,9,1,17
BRDA:114,10,0,17
BRDA:114,10,1,0
BRDA:117,11,0,0
BRDA:117,11,1,0
BRDA:117,12,0,0
BRDA:117,12,1,0
BRDA:124,13,0,0
BRDA:124,13,1,0
BRDA:129,14,0,0
BRDA:129,14,1,0
BRDA:133,15,0,0
BRDA:133,15,1,0
BRDA:137,16,0,0
BRDA:137,16,1,0
BRDA:146,17,0,6
BRDA:146,17,1,27
BRDA:153,18,0,30
BRDA:153,18,1,3
BRDA:156,19,0,6
BRDA:156,19,1,27
BRDA:173,20,0,33
BRDA:173,20,1,6
BRDA:188,21,0,18
BRDA:193,22,0,0
BRDA:193,22,1,18
BRDA:195,23,0,0
BRDA:195,23,1,18
BRDA:196,24,0,0
BRDA:196,24,1,18
BRDA:198,25,0,0
BRDA:198,25,1,18
BRDA:208,26,0,3
BRDA:208,26,1,15
BRDA:214,27,0,15
BRDA:214,27,1,0
BRF:53
BRH:23
end_of_record
